<?xml version="1.0" encoding="UTF-8"?>
<!-- Generated by org.testng.reporters.JUnitXMLReporter -->
<testsuite hostname="EPBYMINW3159" name="RestAssuredTest" tests="13" failures="0" timestamp="28 Aug 2018 20:37:47 GMT" time="3.949" errors="0">
  <testcase name="checkResponseHeader" time="0.007" classname="webservices.tests.RestTemplateTest"/>
  <testcase name="checkResponseBody" time="0.019" classname="webservices.tests.RestTemplateTest"/>
  <testcase name="checkStatusCode" time="0.001" classname="webservices.tests.RestTemplateTest"/>
  <testcase name="checkStatusCode" time="0.001" classname="webservices.tests.RestAssuredTest"/>
  <testcase name="checkResponseHeader" time="0.161" classname="webservices.tests.RestAssuredTest"/>
  <testcase name="checkResponseBody" time="0.205" classname="webservices.tests.RestAssuredTest"/>
  <testcase name="checkResponseBody" time="0.144" classname="webservices.tests.ApacheHttpClientTest"/>
  <testcase name="checkResponseHeader" time="0.081" classname="webservices.tests.ApacheHttpClientTest"/>
  <testcase name="checkStatusCodeTest" time="0.106" classname="webservices.tests.ApacheHttpClientTest"/>
  <testcase name="testPut" time="0.804" classname="webservices.tests.BonusTasksTests"/>
  <testcase name="testPost" time="1.985" classname="webservices.tests.BonusTasksTests"/>
  <testcase name="testDelete" time="2.916" classname="webservices.tests.BonusTasksTests"/>
  <testcase name="testPatch" time="2.939" classname="webservices.tests.BonusTasksTests"/>
</testsuite> <!-- RestAssuredTest -->
