<?xml version="1.0" encoding="UTF-8"?>
<!-- Generated by org.testng.reporters.JUnitXMLReporter -->
<testsuite hostname="EPBYMINW3159" name="Default test" tests="3" failures="0" timestamp="28 Aug 2018 20:34:41 GMT" time="1.045" errors="0">
  <testcase name="checkResponseBody" time="0.7" classname="webservices.tests.ApacheHttpClientTest"/>
  <testcase name="checkResponseHeader" time="0.201" classname="webservices.tests.ApacheHttpClientTest"/>
  <testcase name="checkStatusCodeTest" time="0.129" classname="webservices.tests.ApacheHttpClientTest"/>
</testsuite> <!-- Default test -->
